[2025-11-17 02:30:22,082] [PID 274] [MainThread] [dramatiq.MainProcess] [INFO] Dramatiq '1.16.0' is booting up.
[2025-11-17 02:30:20] - [DEBUG] - [dramatiq.WorkerProcess(0):396]  - Loading modules...
[2025-11-17 02:30:20] - [DEBUG] - [dramatiq.WorkerProcess(0):408]  - Starting worker threads...
[2025-11-17 02:30:20] - [DEBUG] - [dramatiq.worker._WorkerMiddleware:223]  - Adding consumer for queue 'default'.
[2025-11-17 02:30:20] - [DEBUG] - [dramatiq.worker.ConsumerThread(default):248]  - Running consumer thread...
[2025-11-17 02:30:20] - [DEBUG] - [dramatiq.worker._WorkerMiddleware:227]  - Adding consumer for delay queue 'default.DQ'.
[2025-11-17 02:30:20] - [DEBUG] - [dramatiq.worker.ConsumerThread(default.DQ):248]  - Running consumer thread...
[2025-11-17 02:30:20] - [DEBUG] - [dramatiq.worker.WorkerThread:449]  - Running worker thread...
[2025-11-17 02:30:20] - [DEBUG] - [dramatiq.worker.WorkerThread:449]  - Running worker thread...
[2025-11-17 02:30:20] - [DEBUG] - [dramatiq.worker.WorkerThread:449]  - Running worker thread...
[2025-11-17 02:30:20] - [DEBUG] - [dramatiq.worker.WorkerThread:449]  - Running worker thread...
[2025-11-17 02:30:20] - [INFO] - [dramatiq.WorkerProcess(0):423]  - Worker process is ready for action.
[2025-11-17 02:30:21] - [DEBUG] - [dramatiq.WorkerProcess(1):396]  - Loading modules...
[2025-11-17 02:30:21] - [DEBUG] - [dramatiq.WorkerProcess(1):408]  - Starting worker threads...
[2025-11-17 02:30:21] - [DEBUG] - [dramatiq.worker._WorkerMiddleware:223]  - Adding consumer for queue 'default'.
[2025-11-17 02:30:21] - [DEBUG] - [dramatiq.worker.ConsumerThread(default):248]  - Running consumer thread...
[2025-11-17 02:30:21] - [DEBUG] - [dramatiq.worker._WorkerMiddleware:227]  - Adding consumer for delay queue 'default.DQ'.
[2025-11-17 02:30:21] - [DEBUG] - [dramatiq.worker.ConsumerThread(default.DQ):248]  - Running consumer thread...
[2025-11-17 02:30:21] - [DEBUG] - [dramatiq.worker.WorkerThread:449]  - Running worker thread...
[2025-11-17 02:30:21] - [DEBUG] - [dramatiq.worker.WorkerThread:449]  - Running worker thread...
[2025-11-17 02:30:21] - [DEBUG] - [dramatiq.worker.WorkerThread:449]  - Running worker thread...
[2025-11-17 02:30:21] - [DEBUG] - [dramatiq.worker.WorkerThread:449]  - Running worker thread...
[2025-11-17 02:30:21] - [INFO] - [dramatiq.WorkerProcess(1):423]  - Worker process is ready for action.
[2025-11-17 02:30:20] - [DEBUG] - [dramatiq.WorkerProcess(2):396]  - Loading modules...
[2025-11-17 02:30:20] - [DEBUG] - [dramatiq.WorkerProcess(2):402]  - Sending forks to main process...
[2025-11-17 02:30:20] - [DEBUG] - [dramatiq.WorkerProcess(2):408]  - Starting worker threads...
[2025-11-17 02:30:20] - [DEBUG] - [dramatiq.worker._WorkerMiddleware:223]  - Adding consumer for queue 'default'.
[2025-11-17 02:30:20] - [DEBUG] - [dramatiq.worker.ConsumerThread(default):248]  - Running consumer thread...
[2025-11-17 02:30:20] - [DEBUG] - [dramatiq.worker._WorkerMiddleware:227]  - Adding consumer for delay queue 'default.DQ'.
[2025-11-17 02:30:20] - [DEBUG] - [dramatiq.worker.ConsumerThread(default.DQ):248]  - Running consumer thread...
[2025-11-17 02:30:20] - [DEBUG] - [dramatiq.worker.WorkerThread:449]  - Running worker thread...
[2025-11-17 02:30:20] - [DEBUG] - [dramatiq.worker.WorkerThread:449]  - Running worker thread...
[2025-11-17 02:30:20] - [DEBUG] - [dramatiq.worker.WorkerThread:449]  - Running worker thread...
[2025-11-17 02:30:20] - [DEBUG] - [dramatiq.worker.WorkerThread:449]  - Running worker thread...
[2025-11-17 02:30:20] - [INFO] - [dramatiq.WorkerProcess(2):423]  - Worker process is ready for action.
[2025-11-17 02:30:21] - [DEBUG] - [dramatiq.WorkerProcess(3):396]  - Loading modules...
[2025-11-17 02:30:22] - [DEBUG] - [dramatiq.WorkerProcess(3):408]  - Starting worker threads...
[2025-11-17 02:30:22] - [DEBUG] - [dramatiq.worker._WorkerMiddleware:223]  - Adding consumer for queue 'default'.
[2025-11-17 02:30:22] - [DEBUG] - [dramatiq.worker.ConsumerThread(default):248]  - Running consumer thread...
[2025-11-17 02:30:22] - [DEBUG] - [dramatiq.worker._WorkerMiddleware:227]  - Adding consumer for delay queue 'default.DQ'.
[2025-11-17 02:30:22] - [DEBUG] - [dramatiq.worker.ConsumerThread(default.DQ):248]  - Running consumer thread...
[2025-11-17 02:30:22] - [DEBUG] - [dramatiq.worker.WorkerThread:449]  - Running worker thread...
[2025-11-17 02:30:22] - [DEBUG] - [dramatiq.worker.WorkerThread:449]  - Running worker thread...
[2025-11-17 02:30:22] - [DEBUG] - [dramatiq.worker.WorkerThread:449]  - Running worker thread...
[2025-11-17 02:30:22] - [DEBUG] - [dramatiq.worker.WorkerThread:449]  - Running worker thread...
[2025-11-17 02:30:22] - [INFO] - [dramatiq.WorkerProcess(3):423]  - Worker process is ready for action.
[2025-11-17 02:30:20] - [DEBUG] - [dramatiq.WorkerProcess(4):396]  - Loading modules...
[2025-11-17 02:30:20] - [DEBUG] - [dramatiq.WorkerProcess(4):408]  - Starting worker threads...
[2025-11-17 02:30:20] - [DEBUG] - [dramatiq.worker._WorkerMiddleware:223]  - Adding consumer for queue 'default'.
[2025-11-17 02:30:20] - [DEBUG] - [dramatiq.worker.ConsumerThread(default):248]  - Running consumer thread...
[2025-11-17 02:30:20] - [DEBUG] - [dramatiq.worker._WorkerMiddleware:227]  - Adding consumer for delay queue 'default.DQ'.
[2025-11-17 02:30:20] - [DEBUG] - [dramatiq.worker.ConsumerThread(default.DQ):248]  - Running consumer thread...
[2025-11-17 02:30:20] - [DEBUG] - [dramatiq.worker.WorkerThread:449]  - Running worker thread...
[2025-11-17 02:30:20] - [DEBUG] - [dramatiq.worker.WorkerThread:449]  - Running worker thread...
[2025-11-17 02:30:20] - [DEBUG] - [dramatiq.worker.WorkerThread:449]  - Running worker thread...
[2025-11-17 02:30:20] - [DEBUG] - [dramatiq.worker.WorkerThread:449]  - Running worker thread...
[2025-11-17 02:30:20] - [INFO] - [dramatiq.WorkerProcess(4):423]  - Worker process is ready for action.
[2025-11-17 02:30:21] - [DEBUG] - [dramatiq.WorkerProcess(5):396]  - Loading modules...
[2025-11-17 02:30:21] - [DEBUG] - [dramatiq.WorkerProcess(5):408]  - Starting worker threads...
[2025-11-17 02:30:21] - [DEBUG] - [dramatiq.worker._WorkerMiddleware:223]  - Adding consumer for queue 'default'.
[2025-11-17 02:30:21] - [DEBUG] - [dramatiq.worker.ConsumerThread(default):248]  - Running consumer thread...
[2025-11-17 02:30:21] - [DEBUG] - [dramatiq.worker._WorkerMiddleware:227]  - Adding consumer for delay queue 'default.DQ'.
[2025-11-17 02:30:21] - [DEBUG] - [dramatiq.worker.ConsumerThread(default.DQ):248]  - Running consumer thread...
[2025-11-17 02:30:21] - [DEBUG] - [dramatiq.worker.WorkerThread:449]  - Running worker thread...
[2025-11-17 02:30:21] - [DEBUG] - [dramatiq.worker.WorkerThread:449]  - Running worker thread...
[2025-11-17 02:30:21] - [DEBUG] - [dramatiq.worker.WorkerThread:449]  - Running worker thread...
[2025-11-17 02:30:21] - [DEBUG] - [dramatiq.worker.WorkerThread:449]  - Running worker thread...
[2025-11-17 02:30:21] - [INFO] - [dramatiq.WorkerProcess(5):423]  - Worker process is ready for action.
[2025-11-17 02:30:21] - [DEBUG] - [dramatiq.WorkerProcess(6):396]  - Loading modules...
[2025-11-17 02:30:21] - [DEBUG] - [dramatiq.WorkerProcess(6):408]  - Starting worker threads...
[2025-11-17 02:30:21] - [DEBUG] - [dramatiq.worker._WorkerMiddleware:223]  - Adding consumer for queue 'default'.
[2025-11-17 02:30:21] - [DEBUG] - [dramatiq.worker.ConsumerThread(default):248]  - Running consumer thread...
[2025-11-17 02:30:21] - [DEBUG] - [dramatiq.worker._WorkerMiddleware:227]  - Adding consumer for delay queue 'default.DQ'.
[2025-11-17 02:30:21] - [DEBUG] - [dramatiq.worker.ConsumerThread(default.DQ):248]  - Running consumer thread...
[2025-11-17 02:30:21] - [DEBUG] - [dramatiq.worker.WorkerThread:449]  - Running worker thread...
[2025-11-17 02:30:21] - [DEBUG] - [dramatiq.worker.WorkerThread:449]  - Running worker thread...
[2025-11-17 02:30:21] - [DEBUG] - [dramatiq.worker.WorkerThread:449]  - Running worker thread...
[2025-11-17 02:30:21] - [DEBUG] - [dramatiq.worker.WorkerThread:449]  - Running worker thread...
[2025-11-17 02:30:21] - [INFO] - [dramatiq.WorkerProcess(6):423]  - Worker process is ready for action.
[2025-11-17 02:30:22] - [DEBUG] - [dramatiq.WorkerProcess(7):396]  - Loading modules...
[2025-11-17 02:30:22] - [DEBUG] - [dramatiq.WorkerProcess(7):408]  - Starting worker threads...
[2025-11-17 02:30:22] - [DEBUG] - [dramatiq.worker._WorkerMiddleware:223]  - Adding consumer for queue 'default'.
[2025-11-17 02:30:22] - [DEBUG] - [dramatiq.worker.ConsumerThread(default):248]  - Running consumer thread...
[2025-11-17 02:30:22] - [DEBUG] - [dramatiq.worker._WorkerMiddleware:227]  - Adding consumer for delay queue 'default.DQ'.
[2025-11-17 02:30:22] - [DEBUG] - [dramatiq.worker.ConsumerThread(default.DQ):248]  - Running consumer thread...
[2025-11-17 02:30:22] - [DEBUG] - [dramatiq.worker.WorkerThread:449]  - Running worker thread...
[2025-11-17 02:30:22] - [DEBUG] - [dramatiq.worker.WorkerThread:449]  - Running worker thread...
[2025-11-17 02:30:22] - [DEBUG] - [dramatiq.worker.WorkerThread:449]  - Running worker thread...
[2025-11-17 02:30:22] - [DEBUG] - [dramatiq.worker.WorkerThread:449]  - Running worker thread...
[2025-11-17 02:30:22] - [INFO] - [dramatiq.WorkerProcess(7):423]  - Worker process is ready for action.
[2025-11-18 01:51:00,280] [PID 220] [MainThread] [dramatiq.MainProcess] [INFO] Dramatiq '1.16.0' is booting up.
[2025-11-18 01:51:00] - [DEBUG] - [dramatiq.WorkerProcess(0):396]  - Loading modules...
[2025-11-18 01:51:00] - [DEBUG] - [dramatiq.WorkerProcess(0):408]  - Starting worker threads...
[2025-11-18 01:51:00] - [DEBUG] - [dramatiq.worker._WorkerMiddleware:223]  - Adding consumer for queue 'default'.
[2025-11-18 01:51:00] - [DEBUG] - [dramatiq.worker.ConsumerThread(default):248]  - Running consumer thread...
[2025-11-18 01:51:00] - [DEBUG] - [dramatiq.worker._WorkerMiddleware:227]  - Adding consumer for delay queue 'default.DQ'.
[2025-11-18 01:51:00] - [DEBUG] - [dramatiq.worker.ConsumerThread(default.DQ):248]  - Running consumer thread...
[2025-11-18 01:51:00] - [DEBUG] - [dramatiq.worker.WorkerThread:449]  - Running worker thread...
[2025-11-18 01:51:00] - [DEBUG] - [dramatiq.worker.WorkerThread:449]  - Running worker thread...
[2025-11-18 01:51:00] - [DEBUG] - [dramatiq.worker.WorkerThread:449]  - Running worker thread...
[2025-11-18 01:51:00] - [DEBUG] - [dramatiq.worker.WorkerThread:449]  - Running worker thread...
[2025-11-18 01:51:00] - [INFO] - [dramatiq.WorkerProcess(0):423]  - Worker process is ready for action.
[2025-11-18 01:50:59] - [DEBUG] - [dramatiq.WorkerProcess(1):396]  - Loading modules...
[2025-11-18 01:50:59] - [DEBUG] - [dramatiq.WorkerProcess(1):408]  - Starting worker threads...
[2025-11-18 01:50:59] - [DEBUG] - [dramatiq.worker._WorkerMiddleware:223]  - Adding consumer for queue 'default'.
[2025-11-18 01:50:59] - [DEBUG] - [dramatiq.worker.ConsumerThread(default):248]  - Running consumer thread...
[2025-11-18 01:50:59] - [DEBUG] - [dramatiq.worker._WorkerMiddleware:227]  - Adding consumer for delay queue 'default.DQ'.
[2025-11-18 01:50:59] - [DEBUG] - [dramatiq.worker.ConsumerThread(default.DQ):248]  - Running consumer thread...
[2025-11-18 01:50:59] - [DEBUG] - [dramatiq.worker.WorkerThread:449]  - Running worker thread...
[2025-11-18 01:50:59] - [DEBUG] - [dramatiq.worker.WorkerThread:449]  - Running worker thread...
[2025-11-18 01:50:59] - [DEBUG] - [dramatiq.worker.WorkerThread:449]  - Running worker thread...
[2025-11-18 01:50:59] - [DEBUG] - [dramatiq.worker.WorkerThread:449]  - Running worker thread...
[2025-11-18 01:50:59] - [INFO] - [dramatiq.WorkerProcess(1):423]  - Worker process is ready for action.
[2025-11-18 01:50:58] - [DEBUG] - [dramatiq.WorkerProcess(2):396]  - Loading modules...
[2025-11-18 01:50:58] - [DEBUG] - [dramatiq.WorkerProcess(2):402]  - Sending forks to main process...
[2025-11-18 01:50:58] - [DEBUG] - [dramatiq.WorkerProcess(2):408]  - Starting worker threads...
[2025-11-18 01:50:58] - [DEBUG] - [dramatiq.worker._WorkerMiddleware:223]  - Adding consumer for queue 'default'.
[2025-11-18 01:50:58] - [DEBUG] - [dramatiq.worker.ConsumerThread(default):248]  - Running consumer thread...
[2025-11-18 01:50:58] - [DEBUG] - [dramatiq.worker._WorkerMiddleware:227]  - Adding consumer for delay queue 'default.DQ'.
[2025-11-18 01:50:58] - [DEBUG] - [dramatiq.worker.ConsumerThread(default.DQ):248]  - Running consumer thread...
[2025-11-18 01:50:58] - [DEBUG] - [dramatiq.worker.WorkerThread:449]  - Running worker thread...
[2025-11-18 01:50:58] - [DEBUG] - [dramatiq.worker.WorkerThread:449]  - Running worker thread...
[2025-11-18 01:50:58] - [DEBUG] - [dramatiq.worker.WorkerThread:449]  - Running worker thread...
[2025-11-18 01:50:58] - [DEBUG] - [dramatiq.worker.WorkerThread:449]  - Running worker thread...
[2025-11-18 01:50:58] - [INFO] - [dramatiq.WorkerProcess(2):423]  - Worker process is ready for action.
[2025-11-18 01:51:00] - [DEBUG] - [dramatiq.WorkerProcess(3):396]  - Loading modules...
[2025-11-18 01:51:00] - [DEBUG] - [dramatiq.WorkerProcess(3):408]  - Starting worker threads...
[2025-11-18 01:51:00] - [DEBUG] - [dramatiq.worker._WorkerMiddleware:223]  - Adding consumer for queue 'default'.
[2025-11-18 01:51:00] - [DEBUG] - [dramatiq.worker.ConsumerThread(default):248]  - Running consumer thread...
[2025-11-18 01:51:00] - [DEBUG] - [dramatiq.worker._WorkerMiddleware:227]  - Adding consumer for delay queue 'default.DQ'.
[2025-11-18 01:51:00] - [DEBUG] - [dramatiq.worker.ConsumerThread(default.DQ):248]  - Running consumer thread...
[2025-11-18 01:51:00] - [DEBUG] - [dramatiq.worker.WorkerThread:449]  - Running worker thread...
[2025-11-18 01:51:00] - [DEBUG] - [dramatiq.worker.WorkerThread:449]  - Running worker thread...
[2025-11-18 01:51:00] - [DEBUG] - [dramatiq.worker.WorkerThread:449]  - Running worker thread...
[2025-11-18 01:51:00] - [DEBUG] - [dramatiq.worker.WorkerThread:449]  - Running worker thread...
[2025-11-18 01:51:00] - [INFO] - [dramatiq.WorkerProcess(3):423]  - Worker process is ready for action.
[2025-11-18 01:50:58] - [DEBUG] - [dramatiq.WorkerProcess(4):396]  - Loading modules...
[2025-11-18 01:50:58] - [DEBUG] - [dramatiq.WorkerProcess(4):408]  - Starting worker threads...
[2025-11-18 01:50:58] - [DEBUG] - [dramatiq.worker._WorkerMiddleware:223]  - Adding consumer for queue 'default'.
[2025-11-18 01:50:58] - [DEBUG] - [dramatiq.worker.ConsumerThread(default):248]  - Running consumer thread...
[2025-11-18 01:50:58] - [DEBUG] - [dramatiq.worker._WorkerMiddleware:227]  - Adding consumer for delay queue 'default.DQ'.
[2025-11-18 01:50:58] - [DEBUG] - [dramatiq.worker.ConsumerThread(default.DQ):248]  - Running consumer thread...
[2025-11-18 01:50:58] - [DEBUG] - [dramatiq.worker.WorkerThread:449]  - Running worker thread...
[2025-11-18 01:50:58] - [DEBUG] - [dramatiq.worker.WorkerThread:449]  - Running worker thread...
[2025-11-18 01:50:58] - [DEBUG] - [dramatiq.worker.WorkerThread:449]  - Running worker thread...
[2025-11-18 01:50:58] - [DEBUG] - [dramatiq.worker.WorkerThread:449]  - Running worker thread...
[2025-11-18 01:50:58] - [INFO] - [dramatiq.WorkerProcess(4):423]  - Worker process is ready for action.
[2025-11-18 01:50:58] - [DEBUG] - [dramatiq.WorkerProcess(5):396]  - Loading modules...
[2025-11-18 01:50:58] - [DEBUG] - [dramatiq.WorkerProcess(5):408]  - Starting worker threads...
[2025-11-18 01:50:58] - [DEBUG] - [dramatiq.worker._WorkerMiddleware:223]  - Adding consumer for queue 'default'.
[2025-11-18 01:50:58] - [DEBUG] - [dramatiq.worker.ConsumerThread(default):248]  - Running consumer thread...
[2025-11-18 01:50:58] - [DEBUG] - [dramatiq.worker._WorkerMiddleware:227]  - Adding consumer for delay queue 'default.DQ'.
[2025-11-18 01:50:58] - [DEBUG] - [dramatiq.worker.ConsumerThread(default.DQ):248]  - Running consumer thread...
[2025-11-18 01:50:58] - [DEBUG] - [dramatiq.worker.WorkerThread:449]  - Running worker thread...
[2025-11-18 01:50:58] - [DEBUG] - [dramatiq.worker.WorkerThread:449]  - Running worker thread...
[2025-11-18 01:50:58] - [DEBUG] - [dramatiq.worker.WorkerThread:449]  - Running worker thread...
[2025-11-18 01:50:58] - [DEBUG] - [dramatiq.worker.WorkerThread:449]  - Running worker thread...
[2025-11-18 01:50:58] - [INFO] - [dramatiq.WorkerProcess(5):423]  - Worker process is ready for action.
[2025-11-18 01:50:58] - [DEBUG] - [dramatiq.WorkerProcess(6):396]  - Loading modules...
[2025-11-18 01:50:58] - [DEBUG] - [dramatiq.WorkerProcess(6):408]  - Starting worker threads...
[2025-11-18 01:50:58] - [DEBUG] - [dramatiq.worker._WorkerMiddleware:223]  - Adding consumer for queue 'default'.
[2025-11-18 01:50:58] - [DEBUG] - [dramatiq.worker.ConsumerThread(default):248]  - Running consumer thread...
[2025-11-18 01:50:58] - [DEBUG] - [dramatiq.worker._WorkerMiddleware:227]  - Adding consumer for delay queue 'default.DQ'.
[2025-11-18 01:50:58] - [DEBUG] - [dramatiq.worker.ConsumerThread(default.DQ):248]  - Running consumer thread...
[2025-11-18 01:50:58] - [DEBUG] - [dramatiq.worker.WorkerThread:449]  - Running worker thread...
[2025-11-18 01:50:58] - [DEBUG] - [dramatiq.worker.WorkerThread:449]  - Running worker thread...
[2025-11-18 01:50:58] - [DEBUG] - [dramatiq.worker.WorkerThread:449]  - Running worker thread...
[2025-11-18 01:50:58] - [DEBUG] - [dramatiq.worker.WorkerThread:449]  - Running worker thread...
[2025-11-18 01:50:58] - [INFO] - [dramatiq.WorkerProcess(6):423]  - Worker process is ready for action.
[2025-11-18 01:50:59] - [DEBUG] - [dramatiq.WorkerProcess(7):396]  - Loading modules...
[2025-11-18 01:50:59] - [DEBUG] - [dramatiq.WorkerProcess(7):408]  - Starting worker threads...
[2025-11-18 01:50:59] - [DEBUG] - [dramatiq.worker._WorkerMiddleware:223]  - Adding consumer for queue 'default'.
[2025-11-18 01:50:59] - [DEBUG] - [dramatiq.worker.ConsumerThread(default):248]  - Running consumer thread...
[2025-11-18 01:50:59] - [DEBUG] - [dramatiq.worker._WorkerMiddleware:227]  - Adding consumer for delay queue 'default.DQ'.
[2025-11-18 01:50:59] - [DEBUG] - [dramatiq.worker.ConsumerThread(default.DQ):248]  - Running consumer thread...
[2025-11-18 01:50:59] - [DEBUG] - [dramatiq.worker.WorkerThread:449]  - Running worker thread...
[2025-11-18 01:50:59] - [DEBUG] - [dramatiq.worker.WorkerThread:449]  - Running worker thread...
[2025-11-18 01:50:59] - [DEBUG] - [dramatiq.worker.WorkerThread:449]  - Running worker thread...
[2025-11-18 01:50:59] - [DEBUG] - [dramatiq.worker.WorkerThread:449]  - Running worker thread...
[2025-11-18 01:50:59] - [INFO] - [dramatiq.WorkerProcess(7):423]  - Worker process is ready for action.
[2025-11-18 09:51:50,750] [PID 211] [MainThread] [dramatiq.MainProcess] [INFO] Dramatiq '1.16.0' is booting up.
[2025-11-18 09:51:50] - [DEBUG] - [dramatiq.WorkerProcess(0):396]  - Loading modules...
[2025-11-18 09:51:50] - [DEBUG] - [dramatiq.WorkerProcess(0):408]  - Starting worker threads...
[2025-11-18 09:51:50] - [DEBUG] - [dramatiq.worker._WorkerMiddleware:223]  - Adding consumer for queue 'default'.
[2025-11-18 09:51:50] - [DEBUG] - [dramatiq.worker.ConsumerThread(default):248]  - Running consumer thread...
[2025-11-18 09:51:50] - [DEBUG] - [dramatiq.worker._WorkerMiddleware:227]  - Adding consumer for delay queue 'default.DQ'.
[2025-11-18 09:51:50] - [DEBUG] - [dramatiq.worker.ConsumerThread(default.DQ):248]  - Running consumer thread...
[2025-11-18 09:51:50] - [DEBUG] - [dramatiq.worker.WorkerThread:449]  - Running worker thread...
[2025-11-18 09:51:50] - [DEBUG] - [dramatiq.worker.WorkerThread:449]  - Running worker thread...
[2025-11-18 09:51:50] - [DEBUG] - [dramatiq.worker.WorkerThread:449]  - Running worker thread...
[2025-11-18 09:51:50] - [DEBUG] - [dramatiq.worker.WorkerThread:449]  - Running worker thread...
[2025-11-18 09:51:50] - [INFO] - [dramatiq.WorkerProcess(0):423]  - Worker process is ready for action.
[2025-11-18 09:51:50] - [DEBUG] - [dramatiq.WorkerProcess(1):396]  - Loading modules...
[2025-11-18 09:51:50] - [DEBUG] - [dramatiq.WorkerProcess(1):408]  - Starting worker threads...
[2025-11-18 09:51:50] - [DEBUG] - [dramatiq.worker._WorkerMiddleware:223]  - Adding consumer for queue 'default'.
[2025-11-18 09:51:50] - [DEBUG] - [dramatiq.worker.ConsumerThread(default):248]  - Running consumer thread...
[2025-11-18 09:51:50] - [DEBUG] - [dramatiq.worker._WorkerMiddleware:227]  - Adding consumer for delay queue 'default.DQ'.
[2025-11-18 09:51:50] - [DEBUG] - [dramatiq.worker.ConsumerThread(default.DQ):248]  - Running consumer thread...
[2025-11-18 09:51:50] - [DEBUG] - [dramatiq.worker.WorkerThread:449]  - Running worker thread...
[2025-11-18 09:51:50] - [DEBUG] - [dramatiq.worker.WorkerThread:449]  - Running worker thread...
[2025-11-18 09:51:50] - [DEBUG] - [dramatiq.worker.WorkerThread:449]  - Running worker thread...
[2025-11-18 09:51:50] - [DEBUG] - [dramatiq.worker.WorkerThread:449]  - Running worker thread...
[2025-11-18 09:51:50] - [INFO] - [dramatiq.WorkerProcess(1):423]  - Worker process is ready for action.
[2025-11-18 09:51:49] - [DEBUG] - [dramatiq.WorkerProcess(2):396]  - Loading modules...
[2025-11-18 09:51:49] - [DEBUG] - [dramatiq.WorkerProcess(2):402]  - Sending forks to main process...
[2025-11-18 09:51:49] - [DEBUG] - [dramatiq.WorkerProcess(2):408]  - Starting worker threads...
[2025-11-18 09:51:49] - [DEBUG] - [dramatiq.worker._WorkerMiddleware:223]  - Adding consumer for queue 'default'.
[2025-11-18 09:51:49] - [DEBUG] - [dramatiq.worker.ConsumerThread(default):248]  - Running consumer thread...
[2025-11-18 09:51:49] - [DEBUG] - [dramatiq.worker._WorkerMiddleware:227]  - Adding consumer for delay queue 'default.DQ'.
[2025-11-18 09:51:49] - [DEBUG] - [dramatiq.worker.ConsumerThread(default.DQ):248]  - Running consumer thread...
[2025-11-18 09:51:49] - [DEBUG] - [dramatiq.worker.WorkerThread:449]  - Running worker thread...
[2025-11-18 09:51:49] - [DEBUG] - [dramatiq.worker.WorkerThread:449]  - Running worker thread...
[2025-11-18 09:51:49] - [DEBUG] - [dramatiq.worker.WorkerThread:449]  - Running worker thread...
[2025-11-18 09:51:49] - [DEBUG] - [dramatiq.worker.WorkerThread:449]  - Running worker thread...
[2025-11-18 09:51:49] - [INFO] - [dramatiq.WorkerProcess(2):423]  - Worker process is ready for action.
[2025-11-18 09:51:49] - [DEBUG] - [dramatiq.WorkerProcess(3):396]  - Loading modules...
[2025-11-18 09:51:49] - [DEBUG] - [dramatiq.WorkerProcess(3):408]  - Starting worker threads...
[2025-11-18 09:51:49] - [DEBUG] - [dramatiq.worker._WorkerMiddleware:223]  - Adding consumer for queue 'default'.
[2025-11-18 09:51:49] - [DEBUG] - [dramatiq.worker.ConsumerThread(default):248]  - Running consumer thread...
[2025-11-18 09:51:49] - [DEBUG] - [dramatiq.worker._WorkerMiddleware:227]  - Adding consumer for delay queue 'default.DQ'.
[2025-11-18 09:51:49] - [DEBUG] - [dramatiq.worker.ConsumerThread(default.DQ):248]  - Running consumer thread...
[2025-11-18 09:51:49] - [DEBUG] - [dramatiq.worker.WorkerThread:449]  - Running worker thread...
[2025-11-18 09:51:49] - [DEBUG] - [dramatiq.worker.WorkerThread:449]  - Running worker thread...
[2025-11-18 09:51:49] - [DEBUG] - [dramatiq.worker.WorkerThread:449]  - Running worker thread...
[2025-11-18 09:51:49] - [DEBUG] - [dramatiq.worker.WorkerThread:449]  - Running worker thread...
[2025-11-18 09:51:49] - [INFO] - [dramatiq.WorkerProcess(3):423]  - Worker process is ready for action.
[2025-11-18 09:51:50] - [DEBUG] - [dramatiq.WorkerProcess(4):396]  - Loading modules...
[2025-11-18 09:51:50] - [DEBUG] - [dramatiq.WorkerProcess(4):408]  - Starting worker threads...
[2025-11-18 09:51:50] - [DEBUG] - [dramatiq.worker._WorkerMiddleware:223]  - Adding consumer for queue 'default'.
[2025-11-18 09:51:50] - [DEBUG] - [dramatiq.worker.ConsumerThread(default):248]  - Running consumer thread...
[2025-11-18 09:51:50] - [DEBUG] - [dramatiq.worker._WorkerMiddleware:227]  - Adding consumer for delay queue 'default.DQ'.
[2025-11-18 09:51:50] - [DEBUG] - [dramatiq.worker.ConsumerThread(default.DQ):248]  - Running consumer thread...
[2025-11-18 09:51:50] - [DEBUG] - [dramatiq.worker.WorkerThread:449]  - Running worker thread...
[2025-11-18 09:51:50] - [DEBUG] - [dramatiq.worker.WorkerThread:449]  - Running worker thread...
[2025-11-18 09:51:50] - [DEBUG] - [dramatiq.worker.WorkerThread:449]  - Running worker thread...
[2025-11-18 09:51:50] - [DEBUG] - [dramatiq.worker.WorkerThread:449]  - Running worker thread...
[2025-11-18 09:51:50] - [INFO] - [dramatiq.WorkerProcess(4):423]  - Worker process is ready for action.
[2025-11-18 09:51:50] - [DEBUG] - [dramatiq.WorkerProcess(5):396]  - Loading modules...
[2025-11-18 09:51:50] - [DEBUG] - [dramatiq.WorkerProcess(5):408]  - Starting worker threads...
[2025-11-18 09:51:50] - [DEBUG] - [dramatiq.worker._WorkerMiddleware:223]  - Adding consumer for queue 'default'.
[2025-11-18 09:51:50] - [DEBUG] - [dramatiq.worker.ConsumerThread(default):248]  - Running consumer thread...
[2025-11-18 09:51:50] - [DEBUG] - [dramatiq.worker._WorkerMiddleware:227]  - Adding consumer for delay queue 'default.DQ'.
[2025-11-18 09:51:50] - [DEBUG] - [dramatiq.worker.ConsumerThread(default.DQ):248]  - Running consumer thread...
[2025-11-18 09:51:50] - [DEBUG] - [dramatiq.worker.WorkerThread:449]  - Running worker thread...
[2025-11-18 09:51:50] - [DEBUG] - [dramatiq.worker.WorkerThread:449]  - Running worker thread...
[2025-11-18 09:51:50] - [DEBUG] - [dramatiq.worker.WorkerThread:449]  - Running worker thread...
[2025-11-18 09:51:50] - [DEBUG] - [dramatiq.worker.WorkerThread:449]  - Running worker thread...
[2025-11-18 09:51:50] - [INFO] - [dramatiq.WorkerProcess(5):423]  - Worker process is ready for action.
[2025-11-18 09:51:49] - [DEBUG] - [dramatiq.WorkerProcess(6):396]  - Loading modules...
[2025-11-18 09:51:49] - [DEBUG] - [dramatiq.WorkerProcess(6):408]  - Starting worker threads...
[2025-11-18 09:51:49] - [DEBUG] - [dramatiq.worker._WorkerMiddleware:223]  - Adding consumer for queue 'default'.
[2025-11-18 09:51:49] - [DEBUG] - [dramatiq.worker.ConsumerThread(default):248]  - Running consumer thread...
[2025-11-18 09:51:49] - [DEBUG] - [dramatiq.worker._WorkerMiddleware:227]  - Adding consumer for delay queue 'default.DQ'.
[2025-11-18 09:51:49] - [DEBUG] - [dramatiq.worker.ConsumerThread(default.DQ):248]  - Running consumer thread...
[2025-11-18 09:51:49] - [DEBUG] - [dramatiq.worker.WorkerThread:449]  - Running worker thread...
[2025-11-18 09:51:49] - [DEBUG] - [dramatiq.worker.WorkerThread:449]  - Running worker thread...
[2025-11-18 09:51:49] - [DEBUG] - [dramatiq.worker.WorkerThread:449]  - Running worker thread...
[2025-11-18 09:51:49] - [INFO] - [dramatiq.WorkerProcess(6):423]  - Worker process is ready for action.
[2025-11-18 09:51:49] - [DEBUG] - [dramatiq.worker.WorkerThread:449]  - Running worker thread...
[2025-11-18 09:51:49] - [DEBUG] - [dramatiq.WorkerProcess(7):396]  - Loading modules...
[2025-11-18 09:51:49] - [DEBUG] - [dramatiq.WorkerProcess(7):408]  - Starting worker threads...
[2025-11-18 09:51:49] - [DEBUG] - [dramatiq.worker._WorkerMiddleware:223]  - Adding consumer for queue 'default'.
[2025-11-18 09:51:49] - [DEBUG] - [dramatiq.worker.ConsumerThread(default):248]  - Running consumer thread...
[2025-11-18 09:51:49] - [DEBUG] - [dramatiq.worker._WorkerMiddleware:227]  - Adding consumer for delay queue 'default.DQ'.
[2025-11-18 09:51:49] - [DEBUG] - [dramatiq.worker.ConsumerThread(default.DQ):248]  - Running consumer thread...
[2025-11-18 09:51:49] - [DEBUG] - [dramatiq.worker.WorkerThread:449]  - Running worker thread...
[2025-11-18 09:51:49] - [DEBUG] - [dramatiq.worker.WorkerThread:449]  - Running worker thread...
[2025-11-18 09:51:49] - [DEBUG] - [dramatiq.worker.WorkerThread:449]  - Running worker thread...
[2025-11-18 09:51:49] - [DEBUG] - [dramatiq.worker.WorkerThread:449]  - Running worker thread...
[2025-11-18 09:51:49] - [INFO] - [dramatiq.WorkerProcess(7):423]  - Worker process is ready for action.
[2025-11-18 14:15:13,112] [PID 250] [MainThread] [dramatiq.MainProcess] [INFO] Dramatiq '1.16.0' is booting up.
[2025-11-18 14:15:11] - [DEBUG] - [dramatiq.WorkerProcess(0):396]  - Loading modules...
[2025-11-18 14:15:11] - [DEBUG] - [dramatiq.WorkerProcess(0):408]  - Starting worker threads...
[2025-11-18 14:15:11] - [DEBUG] - [dramatiq.worker._WorkerMiddleware:223]  - Adding consumer for queue 'default'.
[2025-11-18 14:15:11] - [DEBUG] - [dramatiq.worker.ConsumerThread(default):248]  - Running consumer thread...
[2025-11-18 14:15:11] - [DEBUG] - [dramatiq.worker._WorkerMiddleware:227]  - Adding consumer for delay queue 'default.DQ'.
[2025-11-18 14:15:11] - [DEBUG] - [dramatiq.worker.ConsumerThread(default.DQ):248]  - Running consumer thread...
[2025-11-18 14:15:11] - [DEBUG] - [dramatiq.worker.WorkerThread:449]  - Running worker thread...
[2025-11-18 14:15:11] - [DEBUG] - [dramatiq.worker.WorkerThread:449]  - Running worker thread...
[2025-11-18 14:15:11] - [DEBUG] - [dramatiq.worker.WorkerThread:449]  - Running worker thread...
[2025-11-18 14:15:11] - [DEBUG] - [dramatiq.worker.WorkerThread:449]  - Running worker thread...
[2025-11-18 14:15:11] - [INFO] - [dramatiq.WorkerProcess(0):423]  - Worker process is ready for action.
[2025-11-18 14:15:10] - [DEBUG] - [dramatiq.WorkerProcess(1):396]  - Loading modules...
[2025-11-18 14:15:10] - [DEBUG] - [dramatiq.WorkerProcess(1):402]  - Sending forks to main process...
[2025-11-18 14:15:10] - [DEBUG] - [dramatiq.WorkerProcess(1):408]  - Starting worker threads...
[2025-11-18 14:15:10] - [DEBUG] - [dramatiq.worker._WorkerMiddleware:223]  - Adding consumer for queue 'default'.
[2025-11-18 14:15:10] - [DEBUG] - [dramatiq.worker.ConsumerThread(default):248]  - Running consumer thread...
[2025-11-18 14:15:10] - [DEBUG] - [dramatiq.worker._WorkerMiddleware:227]  - Adding consumer for delay queue 'default.DQ'.
[2025-11-18 14:15:10] - [DEBUG] - [dramatiq.worker.ConsumerThread(default.DQ):248]  - Running consumer thread...
[2025-11-18 14:15:10] - [DEBUG] - [dramatiq.worker.WorkerThread:449]  - Running worker thread...
[2025-11-18 14:15:10] - [DEBUG] - [dramatiq.worker.WorkerThread:449]  - Running worker thread...
[2025-11-18 14:15:10] - [DEBUG] - [dramatiq.worker.WorkerThread:449]  - Running worker thread...
[2025-11-18 14:15:10] - [DEBUG] - [dramatiq.worker.WorkerThread:449]  - Running worker thread...
[2025-11-18 14:15:10] - [INFO] - [dramatiq.WorkerProcess(1):423]  - Worker process is ready for action.
[2025-11-18 14:15:11] - [DEBUG] - [dramatiq.WorkerProcess(2):396]  - Loading modules...
[2025-11-18 14:15:11] - [DEBUG] - [dramatiq.WorkerProcess(2):408]  - Starting worker threads...
[2025-11-18 14:15:11] - [DEBUG] - [dramatiq.worker._WorkerMiddleware:223]  - Adding consumer for queue 'default'.
[2025-11-18 14:15:11] - [DEBUG] - [dramatiq.worker.ConsumerThread(default):248]  - Running consumer thread...
[2025-11-18 14:15:11] - [DEBUG] - [dramatiq.worker._WorkerMiddleware:227]  - Adding consumer for delay queue 'default.DQ'.
[2025-11-18 14:15:11] - [DEBUG] - [dramatiq.worker.ConsumerThread(default.DQ):248]  - Running consumer thread...
[2025-11-18 14:15:11] - [DEBUG] - [dramatiq.worker.WorkerThread:449]  - Running worker thread...
[2025-11-18 14:15:11] - [DEBUG] - [dramatiq.worker.WorkerThread:449]  - Running worker thread...
[2025-11-18 14:15:11] - [DEBUG] - [dramatiq.worker.WorkerThread:449]  - Running worker thread...
[2025-11-18 14:15:11] - [DEBUG] - [dramatiq.worker.WorkerThread:449]  - Running worker thread...
[2025-11-18 14:15:11] - [INFO] - [dramatiq.WorkerProcess(2):423]  - Worker process is ready for action.
[2025-11-18 14:15:10] - [DEBUG] - [dramatiq.WorkerProcess(3):396]  - Loading modules...
[2025-11-18 14:15:10] - [DEBUG] - [dramatiq.WorkerProcess(3):408]  - Starting worker threads...
[2025-11-18 14:15:10] - [DEBUG] - [dramatiq.worker._WorkerMiddleware:223]  - Adding consumer for queue 'default'.
[2025-11-18 14:15:10] - [DEBUG] - [dramatiq.worker.ConsumerThread(default):248]  - Running consumer thread...
[2025-11-18 14:15:10] - [DEBUG] - [dramatiq.worker._WorkerMiddleware:227]  - Adding consumer for delay queue 'default.DQ'.
[2025-11-18 14:15:10] - [DEBUG] - [dramatiq.worker.ConsumerThread(default.DQ):248]  - Running consumer thread...
[2025-11-18 14:15:10] - [DEBUG] - [dramatiq.worker.WorkerThread:449]  - Running worker thread...
[2025-11-18 14:15:10] - [DEBUG] - [dramatiq.worker.WorkerThread:449]  - Running worker thread...
[2025-11-18 14:15:10] - [DEBUG] - [dramatiq.worker.WorkerThread:449]  - Running worker thread...
[2025-11-18 14:15:11] - [DEBUG] - [dramatiq.worker.WorkerThread:449]  - Running worker thread...
[2025-11-18 14:15:11] - [INFO] - [dramatiq.WorkerProcess(3):423]  - Worker process is ready for action.
[2025-11-18 14:15:11] - [DEBUG] - [dramatiq.WorkerProcess(4):396]  - Loading modules...
[2025-11-18 14:15:11] - [DEBUG] - [dramatiq.WorkerProcess(4):408]  - Starting worker threads...
[2025-11-18 14:15:11] - [DEBUG] - [dramatiq.worker._WorkerMiddleware:223]  - Adding consumer for queue 'default'.
[2025-11-18 14:15:11] - [DEBUG] - [dramatiq.worker.ConsumerThread(default):248]  - Running consumer thread...
[2025-11-18 14:15:11] - [DEBUG] - [dramatiq.worker._WorkerMiddleware:227]  - Adding consumer for delay queue 'default.DQ'.
[2025-11-18 14:15:11] - [DEBUG] - [dramatiq.worker.ConsumerThread(default.DQ):248]  - Running consumer thread...
[2025-11-18 14:15:11] - [DEBUG] - [dramatiq.worker.WorkerThread:449]  - Running worker thread...
[2025-11-18 14:15:11] - [DEBUG] - [dramatiq.worker.WorkerThread:449]  - Running worker thread...
[2025-11-18 14:15:11] - [DEBUG] - [dramatiq.worker.WorkerThread:449]  - Running worker thread...
[2025-11-18 14:15:11] - [DEBUG] - [dramatiq.worker.WorkerThread:449]  - Running worker thread...
[2025-11-18 14:15:11] - [INFO] - [dramatiq.WorkerProcess(4):423]  - Worker process is ready for action.
[2025-11-18 14:15:13] - [DEBUG] - [dramatiq.WorkerProcess(5):396]  - Loading modules...
[2025-11-18 14:15:13] - [DEBUG] - [dramatiq.WorkerProcess(5):408]  - Starting worker threads...
[2025-11-18 14:15:13] - [DEBUG] - [dramatiq.worker._WorkerMiddleware:223]  - Adding consumer for queue 'default'.
[2025-11-18 14:15:13] - [DEBUG] - [dramatiq.worker.ConsumerThread(default):248]  - Running consumer thread...
[2025-11-18 14:15:13] - [DEBUG] - [dramatiq.worker._WorkerMiddleware:227]  - Adding consumer for delay queue 'default.DQ'.
[2025-11-18 14:15:13] - [DEBUG] - [dramatiq.worker.ConsumerThread(default.DQ):248]  - Running consumer thread...
[2025-11-18 14:15:13] - [DEBUG] - [dramatiq.worker.WorkerThread:449]  - Running worker thread...
[2025-11-18 14:15:13] - [DEBUG] - [dramatiq.worker.WorkerThread:449]  - Running worker thread...
[2025-11-18 14:15:13] - [DEBUG] - [dramatiq.worker.WorkerThread:449]  - Running worker thread...
[2025-11-18 14:15:13] - [DEBUG] - [dramatiq.worker.WorkerThread:449]  - Running worker thread...
[2025-11-18 14:15:13] - [INFO] - [dramatiq.WorkerProcess(5):423]  - Worker process is ready for action.
[2025-11-18 14:15:11] - [DEBUG] - [dramatiq.WorkerProcess(6):396]  - Loading modules...
[2025-11-18 14:15:11] - [DEBUG] - [dramatiq.WorkerProcess(6):408]  - Starting worker threads...
[2025-11-18 14:15:11] - [DEBUG] - [dramatiq.worker._WorkerMiddleware:223]  - Adding consumer for queue 'default'.
[2025-11-18 14:15:11] - [DEBUG] - [dramatiq.worker.ConsumerThread(default):248]  - Running consumer thread...
[2025-11-18 14:15:11] - [DEBUG] - [dramatiq.worker._WorkerMiddleware:227]  - Adding consumer for delay queue 'default.DQ'.
[2025-11-18 14:15:11] - [DEBUG] - [dramatiq.worker.ConsumerThread(default.DQ):248]  - Running consumer thread...
[2025-11-18 14:15:11] - [DEBUG] - [dramatiq.worker.WorkerThread:449]  - Running worker thread...
[2025-11-18 14:15:11] - [DEBUG] - [dramatiq.worker.WorkerThread:449]  - Running worker thread...
[2025-11-18 14:15:11] - [DEBUG] - [dramatiq.worker.WorkerThread:449]  - Running worker thread...
[2025-11-18 14:15:11] - [DEBUG] - [dramatiq.worker.WorkerThread:449]  - Running worker thread...
[2025-11-18 14:15:11] - [INFO] - [dramatiq.WorkerProcess(6):423]  - Worker process is ready for action.
[2025-11-18 14:15:12] - [DEBUG] - [dramatiq.WorkerProcess(7):396]  - Loading modules...
[2025-11-18 14:15:12] - [DEBUG] - [dramatiq.WorkerProcess(7):408]  - Starting worker threads...
[2025-11-18 14:15:12] - [DEBUG] - [dramatiq.worker._WorkerMiddleware:223]  - Adding consumer for queue 'default'.
[2025-11-18 14:15:12] - [DEBUG] - [dramatiq.worker.ConsumerThread(default):248]  - Running consumer thread...
[2025-11-18 14:15:12] - [DEBUG] - [dramatiq.worker._WorkerMiddleware:227]  - Adding consumer for delay queue 'default.DQ'.
[2025-11-18 14:15:12] - [DEBUG] - [dramatiq.worker.ConsumerThread(default.DQ):248]  - Running consumer thread...
[2025-11-18 14:15:12] - [DEBUG] - [dramatiq.worker.WorkerThread:449]  - Running worker thread...
[2025-11-18 14:15:12] - [DEBUG] - [dramatiq.worker.WorkerThread:449]  - Running worker thread...
[2025-11-18 14:15:12] - [DEBUG] - [dramatiq.worker.WorkerThread:449]  - Running worker thread...
[2025-11-18 14:15:12] - [DEBUG] - [dramatiq.worker.WorkerThread:449]  - Running worker thread...
[2025-11-18 14:15:12] - [INFO] - [dramatiq.WorkerProcess(7):423]  - Worker process is ready for action.
[2025-11-19 03:02:07,305] [PID 201] [MainThread] [dramatiq.MainProcess] [INFO] Dramatiq '1.16.0' is booting up.
[2025-11-19 03:02:07] - [DEBUG] - [dramatiq.WorkerProcess(0):396]  - Loading modules...
[2025-11-19 03:02:07] - [DEBUG] - [dramatiq.WorkerProcess(0):408]  - Starting worker threads...
[2025-11-19 03:02:07] - [DEBUG] - [dramatiq.worker._WorkerMiddleware:223]  - Adding consumer for queue 'default'.
[2025-11-19 03:02:07] - [DEBUG] - [dramatiq.worker.ConsumerThread(default):248]  - Running consumer thread...
[2025-11-19 03:02:07] - [DEBUG] - [dramatiq.worker._WorkerMiddleware:227]  - Adding consumer for delay queue 'default.DQ'.
[2025-11-19 03:02:07] - [DEBUG] - [dramatiq.worker.ConsumerThread(default.DQ):248]  - Running consumer thread...
[2025-11-19 03:02:07] - [DEBUG] - [dramatiq.worker.WorkerThread:449]  - Running worker thread...
[2025-11-19 03:02:07] - [DEBUG] - [dramatiq.worker.WorkerThread:449]  - Running worker thread...
[2025-11-19 03:02:07] - [DEBUG] - [dramatiq.worker.WorkerThread:449]  - Running worker thread...
[2025-11-19 03:02:07] - [DEBUG] - [dramatiq.worker.WorkerThread:449]  - Running worker thread...
[2025-11-19 03:02:07] - [INFO] - [dramatiq.WorkerProcess(0):423]  - Worker process is ready for action.
[2025-11-19 03:02:07] - [DEBUG] - [dramatiq.WorkerProcess(1):396]  - Loading modules...
[2025-11-19 03:02:07] - [DEBUG] - [dramatiq.WorkerProcess(1):408]  - Starting worker threads...
[2025-11-19 03:02:07] - [DEBUG] - [dramatiq.worker._WorkerMiddleware:223]  - Adding consumer for queue 'default'.
[2025-11-19 03:02:07] - [DEBUG] - [dramatiq.worker.ConsumerThread(default):248]  - Running consumer thread...
[2025-11-19 03:02:07] - [DEBUG] - [dramatiq.worker._WorkerMiddleware:227]  - Adding consumer for delay queue 'default.DQ'.
[2025-11-19 03:02:07] - [DEBUG] - [dramatiq.worker.ConsumerThread(default.DQ):248]  - Running consumer thread...
[2025-11-19 03:02:07] - [DEBUG] - [dramatiq.worker.WorkerThread:449]  - Running worker thread...
[2025-11-19 03:02:07] - [DEBUG] - [dramatiq.worker.WorkerThread:449]  - Running worker thread...
[2025-11-19 03:02:07] - [DEBUG] - [dramatiq.worker.WorkerThread:449]  - Running worker thread...
[2025-11-19 03:02:07] - [DEBUG] - [dramatiq.worker.WorkerThread:449]  - Running worker thread...
[2025-11-19 03:02:07] - [INFO] - [dramatiq.WorkerProcess(1):423]  - Worker process is ready for action.
[2025-11-19 03:02:07] - [DEBUG] - [dramatiq.WorkerProcess(2):396]  - Loading modules...
[2025-11-19 03:02:07] - [DEBUG] - [dramatiq.WorkerProcess(2):408]  - Starting worker threads...
[2025-11-19 03:02:07] - [DEBUG] - [dramatiq.worker._WorkerMiddleware:223]  - Adding consumer for queue 'default'.
[2025-11-19 03:02:07] - [DEBUG] - [dramatiq.worker.ConsumerThread(default):248]  - Running consumer thread...
[2025-11-19 03:02:07] - [DEBUG] - [dramatiq.worker._WorkerMiddleware:227]  - Adding consumer for delay queue 'default.DQ'.
[2025-11-19 03:02:07] - [DEBUG] - [dramatiq.worker.ConsumerThread(default.DQ):248]  - Running consumer thread...
[2025-11-19 03:02:07] - [DEBUG] - [dramatiq.worker.WorkerThread:449]  - Running worker thread...
[2025-11-19 03:02:07] - [DEBUG] - [dramatiq.worker.WorkerThread:449]  - Running worker thread...
[2025-11-19 03:02:07] - [DEBUG] - [dramatiq.worker.WorkerThread:449]  - Running worker thread...
[2025-11-19 03:02:07] - [DEBUG] - [dramatiq.worker.WorkerThread:449]  - Running worker thread...
[2025-11-19 03:02:07] - [INFO] - [dramatiq.WorkerProcess(2):423]  - Worker process is ready for action.
[2025-11-19 03:02:07] - [DEBUG] - [dramatiq.WorkerProcess(3):396]  - Loading modules...
[2025-11-19 03:02:07] - [DEBUG] - [dramatiq.WorkerProcess(3):408]  - Starting worker threads...
[2025-11-19 03:02:07] - [DEBUG] - [dramatiq.worker._WorkerMiddleware:223]  - Adding consumer for queue 'default'.
[2025-11-19 03:02:07] - [DEBUG] - [dramatiq.worker.ConsumerThread(default):248]  - Running consumer thread...
[2025-11-19 03:02:07] - [DEBUG] - [dramatiq.worker._WorkerMiddleware:227]  - Adding consumer for delay queue 'default.DQ'.
[2025-11-19 03:02:07] - [DEBUG] - [dramatiq.worker.ConsumerThread(default.DQ):248]  - Running consumer thread...
[2025-11-19 03:02:07] - [DEBUG] - [dramatiq.worker.WorkerThread:449]  - Running worker thread...
[2025-11-19 03:02:07] - [DEBUG] - [dramatiq.worker.WorkerThread:449]  - Running worker thread...
[2025-11-19 03:02:07] - [DEBUG] - [dramatiq.worker.WorkerThread:449]  - Running worker thread...
[2025-11-19 03:02:07] - [DEBUG] - [dramatiq.worker.WorkerThread:449]  - Running worker thread...
[2025-11-19 03:02:07] - [INFO] - [dramatiq.WorkerProcess(3):423]  - Worker process is ready for action.
[2025-11-19 03:02:07] - [DEBUG] - [dramatiq.WorkerProcess(4):396]  - Loading modules...
[2025-11-19 03:02:07] - [DEBUG] - [dramatiq.WorkerProcess(4):408]  - Starting worker threads...
[2025-11-19 03:02:07] - [DEBUG] - [dramatiq.worker._WorkerMiddleware:223]  - Adding consumer for queue 'default'.
[2025-11-19 03:02:07] - [DEBUG] - [dramatiq.worker.ConsumerThread(default):248]  - Running consumer thread...
[2025-11-19 03:02:07] - [DEBUG] - [dramatiq.worker._WorkerMiddleware:227]  - Adding consumer for delay queue 'default.DQ'.
[2025-11-19 03:02:07] - [DEBUG] - [dramatiq.worker.ConsumerThread(default.DQ):248]  - Running consumer thread...
[2025-11-19 03:02:07] - [DEBUG] - [dramatiq.worker.WorkerThread:449]  - Running worker thread...
[2025-11-19 03:02:07] - [DEBUG] - [dramatiq.worker.WorkerThread:449]  - Running worker thread...
[2025-11-19 03:02:07] - [DEBUG] - [dramatiq.worker.WorkerThread:449]  - Running worker thread...
[2025-11-19 03:02:07] - [DEBUG] - [dramatiq.worker.WorkerThread:449]  - Running worker thread...
[2025-11-19 03:02:07] - [INFO] - [dramatiq.WorkerProcess(4):423]  - Worker process is ready for action.
[2025-11-19 03:02:06] - [DEBUG] - [dramatiq.WorkerProcess(5):396]  - Loading modules...
[2025-11-19 03:02:06] - [DEBUG] - [dramatiq.WorkerProcess(5):408]  - Starting worker threads...
[2025-11-19 03:02:06] - [DEBUG] - [dramatiq.worker._WorkerMiddleware:223]  - Adding consumer for queue 'default'.
[2025-11-19 03:02:06] - [DEBUG] - [dramatiq.worker.ConsumerThread(default):248]  - Running consumer thread...
[2025-11-19 03:02:06] - [DEBUG] - [dramatiq.worker._WorkerMiddleware:227]  - Adding consumer for delay queue 'default.DQ'.
[2025-11-19 03:02:07] - [DEBUG] - [dramatiq.worker.ConsumerThread(default.DQ):248]  - Running consumer thread...
[2025-11-19 03:02:07] - [DEBUG] - [dramatiq.worker.WorkerThread:449]  - Running worker thread...
[2025-11-19 03:02:07] - [DEBUG] - [dramatiq.worker.WorkerThread:449]  - Running worker thread...
[2025-11-19 03:02:07] - [DEBUG] - [dramatiq.worker.WorkerThread:449]  - Running worker thread...
[2025-11-19 03:02:07] - [DEBUG] - [dramatiq.worker.WorkerThread:449]  - Running worker thread...
[2025-11-19 03:02:07] - [INFO] - [dramatiq.WorkerProcess(5):423]  - Worker process is ready for action.
[2025-11-19 03:02:07] - [DEBUG] - [dramatiq.WorkerProcess(6):396]  - Loading modules...
[2025-11-19 03:02:07] - [DEBUG] - [dramatiq.WorkerProcess(6):408]  - Starting worker threads...
[2025-11-19 03:02:07] - [DEBUG] - [dramatiq.worker._WorkerMiddleware:223]  - Adding consumer for queue 'default'.
[2025-11-19 03:02:07] - [DEBUG] - [dramatiq.worker.ConsumerThread(default):248]  - Running consumer thread...
[2025-11-19 03:02:07] - [DEBUG] - [dramatiq.worker._WorkerMiddleware:227]  - Adding consumer for delay queue 'default.DQ'.
[2025-11-19 03:02:07] - [DEBUG] - [dramatiq.worker.ConsumerThread(default.DQ):248]  - Running consumer thread...
[2025-11-19 03:02:07] - [DEBUG] - [dramatiq.worker.WorkerThread:449]  - Running worker thread...
[2025-11-19 03:02:07] - [DEBUG] - [dramatiq.worker.WorkerThread:449]  - Running worker thread...
[2025-11-19 03:02:07] - [DEBUG] - [dramatiq.worker.WorkerThread:449]  - Running worker thread...
[2025-11-19 03:02:07] - [DEBUG] - [dramatiq.worker.WorkerThread:449]  - Running worker thread...
[2025-11-19 03:02:07] - [INFO] - [dramatiq.WorkerProcess(6):423]  - Worker process is ready for action.
[2025-11-19 03:02:06] - [DEBUG] - [dramatiq.WorkerProcess(7):396]  - Loading modules...
[2025-11-19 03:02:06] - [DEBUG] - [dramatiq.WorkerProcess(7):402]  - Sending forks to main process...
[2025-11-19 03:02:06] - [DEBUG] - [dramatiq.WorkerProcess(7):408]  - Starting worker threads...
[2025-11-19 03:02:06] - [DEBUG] - [dramatiq.worker._WorkerMiddleware:223]  - Adding consumer for queue 'default'.
[2025-11-19 03:02:06] - [DEBUG] - [dramatiq.worker.ConsumerThread(default):248]  - Running consumer thread...
[2025-11-19 03:02:06] - [DEBUG] - [dramatiq.worker._WorkerMiddleware:227]  - Adding consumer for delay queue 'default.DQ'.
[2025-11-19 03:02:06] - [DEBUG] - [dramatiq.worker.ConsumerThread(default.DQ):248]  - Running consumer thread...
[2025-11-19 03:02:06] - [DEBUG] - [dramatiq.worker.WorkerThread:449]  - Running worker thread...
[2025-11-19 03:02:07] - [DEBUG] - [dramatiq.worker.WorkerThread:449]  - Running worker thread...
[2025-11-19 03:02:07] - [DEBUG] - [dramatiq.worker.WorkerThread:449]  - Running worker thread...
[2025-11-19 03:02:07] - [DEBUG] - [dramatiq.worker.WorkerThread:449]  - Running worker thread...
[2025-11-19 03:02:07] - [INFO] - [dramatiq.WorkerProcess(7):423]  - Worker process is ready for action.
[2025-11-19 03:02:29] - [DEBUG] - [dramatiq.worker.ConsumerThread(default):326]  - Pushing message '79c1fa87-77fb-4f84-88cc-0d59e0f59509' onto work queue.
[2025-11-19 03:02:29] - [DEBUG] - [dramatiq.worker.WorkerThread:479]  - Received message judge_task('e288bff693c9aa6943de6bff812bc246', 1) with id '79c1fa87-77fb-4f84-88cc-0d59e0f59509'.
[2025-11-19 03:02:30] - [DEBUG] - [dramatiq.worker.ConsumerThread(default):350]  - Acknowledging message '79c1fa87-77fb-4f84-88cc-0d59e0f59509'.
[2025-11-19 03:03:05] - [DEBUG] - [dramatiq.worker.ConsumerThread(default):326]  - Pushing message '87e1f315-808e-4d17-a9b6-0dd0730dc338' onto work queue.
[2025-11-19 03:03:05] - [DEBUG] - [dramatiq.worker.WorkerThread:479]  - Received message judge_task('70d9ffdaade4f954fa4587615019e6ae', 1) with id '87e1f315-808e-4d17-a9b6-0dd0730dc338'.
[2025-11-19 03:03:06] - [DEBUG] - [dramatiq.worker.ConsumerThread(default):350]  - Acknowledging message '87e1f315-808e-4d17-a9b6-0dd0730dc338'.
