[2025-11-17 02:27:52 +0000] [1] [INFO] Starting gunicorn 21.2.0
[2025-11-17 02:27:52 +0000] [1] [INFO] Listening at: http://0.0.0.0:8080 (1)
[2025-11-17 02:27:52 +0000] [1] [INFO] Using worker: gthread
[2025-11-17 02:27:52 +0000] [14] [INFO] Booting worker with pid: 14
[2025-11-17 02:27:52 +0000] [15] [INFO] Booting worker with pid: 15
[2025-11-17 02:27:52 +0000] [16] [INFO] Booting worker with pid: 16
[2025-11-17 02:27:52 +0000] [17] [INFO] Booting worker with pid: 17
[2025-11-17 02:27:52 +0000] [18] [INFO] Booting worker with pid: 18
[2025-11-17 02:27:52 +0000] [19] [INFO] Booting worker with pid: 19
[2025-11-17 02:27:52 +0000] [20] [INFO] Booting worker with pid: 20
[2025-11-17 02:27:52 +0000] [21] [INFO] Booting worker with pid: 21
[2025-11-17 02:48:45 +0000] [1] [CRITICAL] WORKER TIMEOUT (pid:19)
[2025-11-17 02:48:46 +0000] [19] [INFO] Worker exiting (pid: 19)
[2025-11-17 02:48:47 +0000] [1] [ERROR] Worker (pid:19) exited with code 1
[2025-11-17 02:48:47 +0000] [1] [ERROR] Worker (pid:19) exited with code 1.
[2025-11-17 02:48:47 +0000] [881] [INFO] Booting worker with pid: 881
[2025-11-17 02:49:22 +0000] [1] [CRITICAL] WORKER TIMEOUT (pid:14)
[2025-11-17 02:49:22 +0000] [1] [CRITICAL] WORKER TIMEOUT (pid:16)
[2025-11-17 02:49:22 +0000] [1] [CRITICAL] WORKER TIMEOUT (pid:17)
[2025-11-17 02:49:22 +0000] [1] [CRITICAL] WORKER TIMEOUT (pid:18)
[2025-11-17 02:49:22 +0000] [1] [CRITICAL] WORKER TIMEOUT (pid:881)
[2025-11-17 02:49:22 +0000] [14] [INFO] Worker exiting (pid: 14)
[2025-11-17 02:49:22 +0000] [881] [INFO] Worker exiting (pid: 881)
[2025-11-17 02:49:22 +0000] [16] [INFO] Worker exiting (pid: 16)
[2025-11-17 02:49:22 +0000] [18] [INFO] Worker exiting (pid: 18)
[2025-11-17 02:49:22 +0000] [17] [INFO] Worker exiting (pid: 17)
[2025-11-17 02:49:22 +0000] [1] [ERROR] Worker (pid:881) exited with code 1
[2025-11-17 02:49:22 +0000] [1] [ERROR] Worker (pid:881) exited with code 1.
[2025-11-17 02:49:22 +0000] [882] [INFO] Booting worker with pid: 882
[2025-11-17 02:49:22 +0000] [1] [ERROR] Worker (pid:14) was sent SIGKILL! Perhaps out of memory?
[2025-11-17 02:51:27 +0000] [1] [CRITICAL] WORKER TIMEOUT (pid:15)
[2025-11-17 02:51:27 +0000] [1] [CRITICAL] WORKER TIMEOUT (pid:20)
[2025-11-17 02:51:27 +0000] [1] [CRITICAL] WORKER TIMEOUT (pid:21)
[2025-11-17 02:51:27 +0000] [1] [CRITICAL] WORKER TIMEOUT (pid:882)
[2025-11-17 02:51:27 +0000] [882] [INFO] Worker exiting (pid: 882)
[2025-11-17 02:51:27 +0000] [883] [INFO] Booting worker with pid: 883
[2025-11-17 02:51:27 +0000] [15] [INFO] Worker exiting (pid: 15)
[2025-11-17 02:51:27 +0000] [884] [INFO] Booting worker with pid: 884
[2025-11-17 02:51:27 +0000] [21] [INFO] Worker exiting (pid: 21)
[2025-11-17 02:51:27 +0000] [20] [INFO] Worker exiting (pid: 20)
[2025-11-17 02:51:28 +0000] [885] [INFO] Booting worker with pid: 885
[2025-11-17 02:51:28 +0000] [1] [ERROR] Worker (pid:882) exited with code 1
[2025-11-17 02:51:28 +0000] [1] [ERROR] Worker (pid:882) exited with code 1.
[2025-11-17 02:51:28 +0000] [886] [INFO] Booting worker with pid: 886
[2025-11-17 02:51:28 +0000] [1] [ERROR] Worker (pid:20) was sent SIGKILL! Perhaps out of memory?
[2025-11-17 02:51:28 +0000] [888] [INFO] Booting worker with pid: 888
[2025-11-17 02:51:28 +0000] [887] [INFO] Booting worker with pid: 887
[2025-11-17 02:51:28 +0000] [889] [INFO] Booting worker with pid: 889
[2025-11-17 02:51:28 +0000] [891] [INFO] Booting worker with pid: 891
[2025-11-18 01:49:13 +0000] [1] [INFO] Starting gunicorn 21.2.0
[2025-11-18 01:49:13 +0000] [1] [INFO] Listening at: http://0.0.0.0:8080 (1)
[2025-11-18 01:49:13 +0000] [1] [INFO] Using worker: gthread
[2025-11-18 01:49:13 +0000] [14] [INFO] Booting worker with pid: 14
[2025-11-18 01:49:13 +0000] [15] [INFO] Booting worker with pid: 15
[2025-11-18 01:49:13 +0000] [16] [INFO] Booting worker with pid: 16
[2025-11-18 01:49:14 +0000] [17] [INFO] Booting worker with pid: 17
[2025-11-18 01:49:14 +0000] [18] [INFO] Booting worker with pid: 18
[2025-11-18 01:49:14 +0000] [19] [INFO] Booting worker with pid: 19
[2025-11-18 01:49:14 +0000] [20] [INFO] Booting worker with pid: 20
[2025-11-18 01:49:14 +0000] [21] [INFO] Booting worker with pid: 21
[2025-11-18 02:40:16 +0000] [1] [CRITICAL] WORKER TIMEOUT (pid:17)
[2025-11-18 02:40:16 +0000] [1] [CRITICAL] WORKER TIMEOUT (pid:19)
[2025-11-18 02:40:16 +0000] [1] [CRITICAL] WORKER TIMEOUT (pid:21)
[2025-11-18 02:40:16 +0000] [19] [INFO] Worker exiting (pid: 19)
[2025-11-18 02:40:16 +0000] [21] [INFO] Worker exiting (pid: 21)
[2025-11-18 02:40:16 +0000] [17] [INFO] Worker exiting (pid: 17)
[2025-11-18 02:40:16 +0000] [1] [ERROR] Worker (pid:19) exited with code 1
[2025-11-18 02:40:16 +0000] [1] [ERROR] Worker (pid:19) exited with code 1.
[2025-11-18 02:40:16 +0000] [2435] [INFO] Booting worker with pid: 2435
[2025-11-18 02:40:16 +0000] [1] [ERROR] Worker (pid:21) was sent SIGKILL! Perhaps out of memory?
[2025-11-18 02:40:16 +0000] [2436] [INFO] Booting worker with pid: 2436
[2025-11-18 02:40:16 +0000] [2437] [INFO] Booting worker with pid: 2437
[2025-11-18 04:27:20 +0000] [1] [CRITICAL] WORKER TIMEOUT (pid:14)
[2025-11-18 04:27:20 +0000] [1] [CRITICAL] WORKER TIMEOUT (pid:16)
[2025-11-18 04:27:20 +0000] [1] [CRITICAL] WORKER TIMEOUT (pid:18)
[2025-11-18 04:27:20 +0000] [1] [CRITICAL] WORKER TIMEOUT (pid:20)
[2025-11-18 04:27:20 +0000] [1] [CRITICAL] WORKER TIMEOUT (pid:2435)
[2025-11-18 04:27:20 +0000] [1] [CRITICAL] WORKER TIMEOUT (pid:2436)
[2025-11-18 04:27:20 +0000] [1] [CRITICAL] WORKER TIMEOUT (pid:2437)
[2025-11-18 04:27:20 +0000] [2435] [INFO] Worker exiting (pid: 2435)
[2025-11-18 04:27:20 +0000] [2437] [INFO] Worker exiting (pid: 2437)
[2025-11-18 04:27:20 +0000] [2436] [INFO] Worker exiting (pid: 2436)
[2025-11-18 04:27:20 +0000] [18] [INFO] Worker exiting (pid: 18)
[2025-11-18 04:27:20 +0000] [16] [INFO] Worker exiting (pid: 16)
[2025-11-18 04:27:20 +0000] [14] [INFO] Worker exiting (pid: 14)
[2025-11-18 04:27:20 +0000] [20] [INFO] Worker exiting (pid: 20)
[2025-11-18 04:27:21 +0000] [1] [ERROR] Worker (pid:18) exited with code 1
[2025-11-18 04:27:21 +0000] [1] [ERROR] Worker (pid:18) exited with code 1.
[2025-11-18 04:27:21 +0000] [1] [ERROR] Worker (pid:2436) was sent SIGKILL! Perhaps out of memory?
[2025-11-18 04:27:21 +0000] [7380] [INFO] Booting worker with pid: 7380
[2025-11-18 04:27:21 +0000] [1] [ERROR] Worker (pid:20) was sent SIGKILL! Perhaps out of memory?
[2025-11-18 04:27:21 +0000] [7381] [INFO] Booting worker with pid: 7381
[2025-11-18 04:27:21 +0000] [7382] [INFO] Booting worker with pid: 7382
[2025-11-18 04:27:21 +0000] [7383] [INFO] Booting worker with pid: 7383
[2025-11-18 04:27:22 +0000] [7384] [INFO] Booting worker with pid: 7384
[2025-11-18 04:27:22 +0000] [7385] [INFO] Booting worker with pid: 7385
[2025-11-18 04:27:22 +0000] [7386] [INFO] Booting worker with pid: 7386
[2025-11-18 09:50:06 +0000] [1] [INFO] Starting gunicorn 21.2.0
[2025-11-18 09:50:06 +0000] [1] [INFO] Listening at: http://0.0.0.0:8080 (1)
[2025-11-18 09:50:07 +0000] [1] [INFO] Using worker: gthread
[2025-11-18 09:50:07 +0000] [20] [INFO] Booting worker with pid: 20
[2025-11-18 09:50:07 +0000] [21] [INFO] Booting worker with pid: 21
[2025-11-18 09:50:07 +0000] [22] [INFO] Booting worker with pid: 22
[2025-11-18 09:50:07 +0000] [23] [INFO] Booting worker with pid: 23
[2025-11-18 09:50:07 +0000] [25] [INFO] Booting worker with pid: 25
[2025-11-18 09:50:07 +0000] [24] [INFO] Booting worker with pid: 24
[2025-11-18 09:50:07 +0000] [27] [INFO] Booting worker with pid: 27
[2025-11-18 09:50:07 +0000] [26] [INFO] Booting worker with pid: 26
[2025-11-18 10:37:25 +0000] [1] [CRITICAL] WORKER TIMEOUT (pid:20)
[2025-11-18 10:37:25 +0000] [1] [CRITICAL] WORKER TIMEOUT (pid:21)
[2025-11-18 10:37:25 +0000] [1] [CRITICAL] WORKER TIMEOUT (pid:22)
[2025-11-18 10:37:25 +0000] [1] [CRITICAL] WORKER TIMEOUT (pid:23)
[2025-11-18 10:37:25 +0000] [1] [CRITICAL] WORKER TIMEOUT (pid:24)
[2025-11-18 10:37:25 +0000] [1] [CRITICAL] WORKER TIMEOUT (pid:25)
[2025-11-18 10:37:25 +0000] [1] [CRITICAL] WORKER TIMEOUT (pid:26)
[2025-11-18 10:37:25 +0000] [20] [INFO] Worker exiting (pid: 20)
[2025-11-18 10:37:25 +0000] [24] [INFO] Worker exiting (pid: 24)
[2025-11-18 10:37:25 +0000] [21] [INFO] Worker exiting (pid: 21)
[2025-11-18 10:37:25 +0000] [22] [INFO] Worker exiting (pid: 22)
[2025-11-18 10:37:25 +0000] [23] [INFO] Worker exiting (pid: 23)
[2025-11-18 10:37:25 +0000] [1] [CRITICAL] WORKER TIMEOUT (pid:27)
[2025-11-18 10:37:25 +0000] [25] [INFO] Worker exiting (pid: 25)
[2025-11-18 10:37:25 +0000] [26] [INFO] Worker exiting (pid: 26)
[2025-11-18 10:37:25 +0000] [27] [INFO] Worker exiting (pid: 27)
[2025-11-18 10:37:25 +0000] [1] [ERROR] Worker (pid:20) exited with code 1
[2025-11-18 10:37:25 +0000] [1] [ERROR] Worker (pid:20) exited with code 1.
[2025-11-18 10:37:25 +0000] [1] [ERROR] Worker (pid:23) exited with code 1
[2025-11-18 10:37:25 +0000] [1] [ERROR] Worker (pid:23) exited with code 1.
[2025-11-18 10:37:25 +0000] [1] [ERROR] Worker (pid:27) was sent SIGKILL! Perhaps out of memory?
[2025-11-18 10:37:25 +0000] [1874] [INFO] Booting worker with pid: 1874
[2025-11-18 10:37:25 +0000] [1] [ERROR] Worker (pid:26) was sent SIGKILL! Perhaps out of memory?
[2025-11-18 10:37:25 +0000] [1875] [INFO] Booting worker with pid: 1875
[2025-11-18 10:37:25 +0000] [1876] [INFO] Booting worker with pid: 1876
[2025-11-18 10:37:25 +0000] [1877] [INFO] Booting worker with pid: 1877
[2025-11-18 10:37:25 +0000] [1878] [INFO] Booting worker with pid: 1878
[2025-11-18 10:37:26 +0000] [1879] [INFO] Booting worker with pid: 1879
[2025-11-18 10:37:26 +0000] [1880] [INFO] Booting worker with pid: 1880
[2025-11-18 10:37:26 +0000] [1881] [INFO] Booting worker with pid: 1881
[2025-11-18 11:13:32 +0000] [1] [CRITICAL] WORKER TIMEOUT (pid:1874)
[2025-11-18 11:13:32 +0000] [1] [CRITICAL] WORKER TIMEOUT (pid:1875)
[2025-11-18 11:13:32 +0000] [1] [CRITICAL] WORKER TIMEOUT (pid:1876)
[2025-11-18 11:13:32 +0000] [1] [CRITICAL] WORKER TIMEOUT (pid:1877)
[2025-11-18 11:13:32 +0000] [1] [CRITICAL] WORKER TIMEOUT (pid:1878)
[2025-11-18 11:13:32 +0000] [1] [CRITICAL] WORKER TIMEOUT (pid:1879)
[2025-11-18 11:13:32 +0000] [1] [CRITICAL] WORKER TIMEOUT (pid:1880)
[2025-11-18 11:13:32 +0000] [1] [CRITICAL] WORKER TIMEOUT (pid:1881)
[2025-11-18 11:13:32 +0000] [1877] [INFO] Worker exiting (pid: 1877)
[2025-11-18 11:13:32 +0000] [1878] [INFO] Worker exiting (pid: 1878)
[2025-11-18 11:13:32 +0000] [1875] [INFO] Worker exiting (pid: 1875)
[2025-11-18 11:13:32 +0000] [1874] [INFO] Worker exiting (pid: 1874)
[2025-11-18 11:13:32 +0000] [1876] [INFO] Worker exiting (pid: 1876)
[2025-11-18 11:13:32 +0000] [1880] [INFO] Worker exiting (pid: 1880)
[2025-11-18 11:13:32 +0000] [1879] [INFO] Worker exiting (pid: 1879)
[2025-11-18 11:13:32 +0000] [1881] [INFO] Worker exiting (pid: 1881)
[2025-11-18 11:13:32 +0000] [1] [ERROR] Worker (pid:1875) exited with code 1
[2025-11-18 11:13:32 +0000] [1] [ERROR] Worker (pid:1875) exited with code 1.
[2025-11-18 11:13:32 +0000] [1] [ERROR] Worker (pid:1879) exited with code 1
[2025-11-18 11:13:32 +0000] [1] [ERROR] Worker (pid:1879) exited with code 1.
[2025-11-18 11:13:32 +0000] [1] [ERROR] Worker (pid:1874) was sent SIGKILL! Perhaps out of memory?
[2025-11-18 11:13:32 +0000] [2945] [INFO] Booting worker with pid: 2945
[2025-11-18 11:13:32 +0000] [1] [ERROR] Worker (pid:1876) was sent SIGKILL! Perhaps out of memory?
[2025-11-18 11:13:32 +0000] [1] [ERROR] Worker (pid:1881) was sent SIGKILL! Perhaps out of memory?
[2025-11-18 11:13:32 +0000] [1] [ERROR] Worker (pid:1880) was sent SIGKILL! Perhaps out of memory?
[2025-11-18 11:13:32 +0000] [2946] [INFO] Booting worker with pid: 2946
[2025-11-18 11:13:32 +0000] [2947] [INFO] Booting worker with pid: 2947
[2025-11-18 11:13:32 +0000] [2948] [INFO] Booting worker with pid: 2948
[2025-11-18 11:13:32 +0000] [2949] [INFO] Booting worker with pid: 2949
[2025-11-18 11:13:32 +0000] [2951] [INFO] Booting worker with pid: 2951
[2025-11-18 11:13:32 +0000] [2950] [INFO] Booting worker with pid: 2950
[2025-11-18 11:13:32 +0000] [2952] [INFO] Booting worker with pid: 2952
[2025-11-18 12:35:08 +0000] [1] [CRITICAL] WORKER TIMEOUT (pid:2949)
[2025-11-18 12:35:08 +0000] [1] [CRITICAL] WORKER TIMEOUT (pid:2950)
[2025-11-18 12:35:08 +0000] [2949] [INFO] Worker exiting (pid: 2949)
[2025-11-18 12:35:08 +0000] [1] [CRITICAL] WORKER TIMEOUT (pid:2951)
[2025-11-18 12:35:08 +0000] [2950] [INFO] Worker exiting (pid: 2950)
[2025-11-18 12:35:08 +0000] [1] [CRITICAL] WORKER TIMEOUT (pid:2952)
[2025-11-18 12:35:08 +0000] [2951] [INFO] Worker exiting (pid: 2951)
[2025-11-18 12:35:08 +0000] [2952] [INFO] Worker exiting (pid: 2952)
[2025-11-18 12:35:08 +0000] [1] [ERROR] Worker (pid:2950) exited with code 1
[2025-11-18 12:35:08 +0000] [1] [ERROR] Worker (pid:2950) exited with code 1.
[2025-11-18 12:35:08 +0000] [1] [ERROR] Worker (pid:2952) was sent SIGKILL! Perhaps out of memory?
[2025-11-18 12:35:08 +0000] [4613] [INFO] Booting worker with pid: 4613
[2025-11-18 12:35:08 +0000] [4614] [INFO] Booting worker with pid: 4614
[2025-11-18 12:35:08 +0000] [4615] [INFO] Booting worker with pid: 4615
[2025-11-18 12:35:08 +0000] [4616] [INFO] Booting worker with pid: 4616
[2025-11-18 14:12:35 +0000] [1] [INFO] Starting gunicorn 21.2.0
[2025-11-18 14:12:35 +0000] [1] [INFO] Listening at: http://0.0.0.0:8080 (1)
[2025-11-18 14:12:35 +0000] [1] [INFO] Using worker: gthread
[2025-11-18 14:12:35 +0000] [14] [INFO] Booting worker with pid: 14
[2025-11-18 14:12:35 +0000] [15] [INFO] Booting worker with pid: 15
[2025-11-18 14:12:35 +0000] [16] [INFO] Booting worker with pid: 16
[2025-11-18 14:12:35 +0000] [17] [INFO] Booting worker with pid: 17
[2025-11-18 14:12:35 +0000] [18] [INFO] Booting worker with pid: 18
[2025-11-18 14:12:36 +0000] [19] [INFO] Booting worker with pid: 19
[2025-11-18 14:12:36 +0000] [20] [INFO] Booting worker with pid: 20
[2025-11-18 14:12:36 +0000] [21] [INFO] Booting worker with pid: 21
[2025-11-19 03:00:49 +0000] [1] [INFO] Starting gunicorn 21.2.0
[2025-11-19 03:00:49 +0000] [1] [INFO] Listening at: http://0.0.0.0:8080 (1)
[2025-11-19 03:00:49 +0000] [1] [INFO] Using worker: gthread
[2025-11-19 03:00:49 +0000] [13] [INFO] Booting worker with pid: 13
[2025-11-19 03:00:49 +0000] [14] [INFO] Booting worker with pid: 14
[2025-11-19 03:00:50 +0000] [15] [INFO] Booting worker with pid: 15
[2025-11-19 03:00:50 +0000] [16] [INFO] Booting worker with pid: 16
[2025-11-19 03:00:50 +0000] [17] [INFO] Booting worker with pid: 17
[2025-11-19 03:00:50 +0000] [18] [INFO] Booting worker with pid: 18
[2025-11-19 03:00:50 +0000] [19] [INFO] Booting worker with pid: 19
[2025-11-19 03:00:50 +0000] [20] [INFO] Booting worker with pid: 20
